This is pdfTeX, Version 3.14159265-2.6-1.40.15 (MiKTeX 2.9 64-bit) (preloaded format=pdflatex 2016.4.6)  10 APR 2016 18:42
entering extended mode
**"caratula TP.tex"
("caratula TP.tex"
LaTeX2e <2014/05/01>
Babel <3.9l> and hyphenation patterns for 68 languages loaded.
("C:\Program Files\MikTex 2.9\tex/latex\base\article.cls"
Document Class: article 2014/09/29 v1.4h Standard LaTeX document class
("C:\Program Files\MikTex 2.9\tex/latex\base\size10.clo"
File: size10.clo 2014/09/29 v1.4h Standard LaTeX file (size option)
)
\c@part=\count79
\c@section=\count80
\c@subsection=\count81
\c@subsubsection=\count82
\c@paragraph=\count83
\c@subparagraph=\count84
\c@figure=\count85
\c@table=\count86
\abovecaptionskip=\skip41
\belowcaptionskip=\skip42
\bibindent=\dimen102
)
("C:\Program Files\MikTex 2.9\tex/latex\geometry\geometry.sty"
Package: geometry 2010/09/12 v5.6 Page Geometry

("C:\Program Files\MikTex 2.9\tex/latex\graphics\keyval.sty"
Package: keyval 2014/10/28 v1.15 key=value parser (DPC)
\KV@toks@=\toks14
)
("C:\Program Files\MikTex 2.9\tex/generic\oberdiek\ifpdf.sty"
Package: ifpdf 2011/01/30 v2.3 Provides the ifpdf switch (HO)
Package ifpdf Info: pdfTeX in PDF mode is detected.
)
("C:\Program Files\MikTex 2.9\tex/generic\oberdiek\ifvtex.sty"
Package: ifvtex 2010/03/01 v1.5 Detect VTeX and its facilities (HO)
Package ifvtex Info: VTeX not detected.
)
("C:\Program Files\MikTex 2.9\tex/generic\ifxetex\ifxetex.sty"
Package: ifxetex 2010/09/12 v0.6 Provides ifxetex conditional
)
\Gm@cnth=\count87
\Gm@cntv=\count88
\c@Gm@tempcnt=\count89
\Gm@bindingoffset=\dimen103
\Gm@wd@mp=\dimen104
\Gm@odd@mp=\dimen105
\Gm@even@mp=\dimen106
\Gm@layoutwidth=\dimen107
\Gm@layoutheight=\dimen108
\Gm@layouthoffset=\dimen109
\Gm@layoutvoffset=\dimen110
\Gm@dimlist=\toks15

("C:\Program Files\MikTex 2.9\tex/latex\geometry\geometry.cfg"))
("C:\Program Files\MikTex 2.9\tex/latex\base\inputenc.sty"
Package: inputenc 2014/04/30 v1.2b Input encoding file
\inpenc@prehook=\toks16
\inpenc@posthook=\toks17

("C:\Program Files\MikTex 2.9\tex/latex\base\latin1.def"
File: latin1.def 2014/04/30 v1.2b Input encoding file
))
("C:\Program Files\MikTex 2.9\tex/latex\babel\babel.sty"
Package: babel 2014/09/25 3.9l The Babel package

*************************************
* Local config file bblopts.cfg used
*
("C:\Program Files\MikTex 2.9\tex/latex\00miktex\bblopts.cfg"
File: bblopts.cfg 2006/07/31 v1.0 MiKTeX 'babel' configuration
)
("C:\Program Files\MikTex 2.9\tex/latex\babel-spanish\spanish.ldf"
Language: spanish.ldf 2014/04/24 v5.0n Spanish support from the babel system

("C:\Program Files\MikTex 2.9\tex/latex\babel\babel.def"
File: babel.def 2014/09/25 3.9l Babel common definitions
\babel@savecnt=\count90
\U@D=\dimen111
)
\es@quottoks=\toks18
\es@quotdepth=\count91
Package babel Info: Making " an active character on input line 516.
Package babel Info: Making . an active character on input line 617.
Package babel Info: Making < an active character on input line 662.
Package babel Info: Making > an active character on input line 662.
))
("C:\Program Files\MikTex 2.9\tex/latex\aed2-symb\aed2-symb.sty"
Package: aed2-symb 2004/04/17 - Para componer simbolitos frecuentemente usados 
en AED2

Cargando package 'aed2-symb'
("C:\Program Files\MikTex 2.9\tex/latex\amsmath\amsmath.sty"
Package: amsmath 2013/01/14 v2.14 AMS math features
\@mathmargin=\skip43

For additional information on amsmath, use the `?' option.
("C:\Program Files\MikTex 2.9\tex/latex\amsmath\amstext.sty"
Package: amstext 2000/06/29 v2.01

("C:\Program Files\MikTex 2.9\tex/latex\amsmath\amsgen.sty"
File: amsgen.sty 1999/11/30 v2.0
\@emptytoks=\toks19
\ex@=\dimen112
))
("C:\Program Files\MikTex 2.9\tex/latex\amsmath\amsbsy.sty"
Package: amsbsy 1999/11/29 v1.2d
\pmbraise@=\dimen113
)
("C:\Program Files\MikTex 2.9\tex/latex\amsmath\amsopn.sty"
Package: amsopn 1999/12/14 v2.01 operator names
)
\inf@bad=\count92
LaTeX Info: Redefining \frac on input line 210.
\uproot@=\count93
\leftroot@=\count94
LaTeX Info: Redefining \overline on input line 306.
\classnum@=\count95
\DOTSCASE@=\count96
LaTeX Info: Redefining \ldots on input line 378.
LaTeX Info: Redefining \dots on input line 381.
LaTeX Info: Redefining \cdots on input line 466.
\Mathstrutbox@=\box26
\strutbox@=\box27
\big@size=\dimen114
LaTeX Font Info:    Redeclaring font encoding OML on input line 566.
LaTeX Font Info:    Redeclaring font encoding OMS on input line 567.
\macc@depth=\count97
\c@MaxMatrixCols=\count98
\dotsspace@=\muskip10
\c@parentequation=\count99
\dspbrk@lvl=\count100
\tag@help=\toks20
\row@=\count101
\column@=\count102
\maxfields@=\count103
\andhelp@=\toks21
\eqnshift@=\dimen115
\alignsep@=\dimen116
\tagshift@=\dimen117
\tagwidth@=\dimen118
\totwidth@=\dimen119
\lineht@=\dimen120
\@envbody=\toks22
\multlinegap=\skip44
\multlinetaggap=\skip45
\mathdisplay@stack=\toks23
LaTeX Info: Redefining \[ on input line 2665.
LaTeX Info: Redefining \] on input line 2666.
)
("C:\Program Files\MikTex 2.9\tex/latex\amsfonts\amssymb.sty"
Package: amssymb 2013/01/14 v3.01 AMS font symbols

("C:\Program Files\MikTex 2.9\tex/latex\amsfonts\amsfonts.sty"
Package: amsfonts 2013/01/14 v3.01 Basic AMSFonts support
\symAMSa=\mathgroup4
\symAMSb=\mathgroup5
LaTeX Font Info:    Overwriting math alphabet `\mathfrak' in version `bold'
(Font)                  U/euf/m/n --> U/euf/b/n on input line 106.
))
("C:\Program Files\MikTex 2.9\tex/latex\tools\xspace.sty"
Package: xspace 2014/10/28 v1.13 Space after command names (DPC,MH)
)
("C:\Program Files\MikTex 2.9\tex/latex\xargs\xargs.sty"
Package: xargs 2008/03/22 v1.1  extended macro definitions  (mpg)

("C:\Program Files\MikTex 2.9\tex/latex\xkeyval\xkeyval.sty"
Package: xkeyval 2014/12/03 v2.7a package option processing (HA)

("C:\Program Files\MikTex 2.9\tex/generic\xkeyval\xkeyval.tex"
("C:\Program Files\MikTex 2.9\tex/generic\xkeyval\xkvutils.tex"
\XKV@toks=\toks24
\XKV@tempa@toks=\toks25
)
\XKV@depth=\count104
File: xkeyval.tex 2014/12/03 v2.7a key=value parser (HA)
))
\xargs@max=\count105
\xargs@toksa=\toks26
\xargs@toksb=\toks27
))
("C:\Program Files\MikTex 2.9\tex/latex\aed2-itef\aed2-itef.sty"
Package: aed2-itef 2010/03/16 - if-then-else-fi en lenguaje de TADs.

("C:\Program Files\MikTex 2.9\tex/latex\base\ifthen.sty"
Package: ifthen 2014/09/29 v1.1c Standard LaTeX ifthen package (DPC)
)
Cargando package 'itef' (2010/03/16)
\itefIndentacion=\skip46
\itef@widthUnaLinea=\skip47
\itef@linewidth=\skip48
) ("C:\Program Files\MikTex 2.9\tex/latex\aed2-tad\aed2-tad.sty"
Package: aed2-tad 2011/04/04 - Para especificar TADs en formato AED2

("C:\Program Files\MikTex 2.9\tex/latex\tools\calc.sty"
Package: calc 2014/10/28 v4.3 Infix arithmetic (KKT,FJ)
\calc@Acount=\count106
\calc@Bcount=\count107
\calc@Adimen=\dimen121
\calc@Bdimen=\dimen122
\calc@Askip=\skip49
\calc@Bskip=\skip50
LaTeX Info: Redefining \setlength on input line 75.
LaTeX Info: Redefining \addtolength on input line 76.
\calc@Ccount=\count108
\calc@Cskip=\skip51
)
("C:\Program Files\MikTex 2.9\tex/latex\aed2-tokenizer\aed2-tokenizer.sty"
Package: aed2-tokenizer 2010/03/12
)
Package aed2-tad Info: Cargando package 'tad' (04/04/2011) on input line 26.
\tadMargen=\skip52
\tadSubMargen=\skip53
\tadAnchoEncabezados=\skip54
\tadSeparacionTitulos=\skip55
\tadSeparacionFunciones=\skip56
\tadAnchoNombreFunciones=\skip57
\tadAnchoTipoFunciones=\skip58
\tadSeparacionAxiomas=\skip59
\tadAnchoIzquierdaAxioma=\skip60
\tad@oldparindent=\skip61
\pbox@len=\skip62
\tad@ifFitsElse@largo=\skip63
\igualobs@pre=\skip64
\igualobs@max=\skip65
\igualobssimple@max=\skip66
\@Signatura=\box28
\tadOperacion@textwidth=\skip67
\tadAxioma@lenEquiv=\skip68
\tadAxioma@lenDerecha=\skip69
)

! LaTeX Error: File `caratula.sty' not found.

Type X to quit or <RETURN> to proceed,
or enter new name. (Default extension: sty)

Enter file name: 
! Emergency stop.
<read *> 
         
l.10 \usepackage
                [T1]{fontenc}
End of file on the terminal!

 
Here is how much of TeX's memory you used:
 2954 strings out of 493698
 38635 string characters out of 3144416
 106556 words of memory out of 3000000
 6265 multiletter control sequences out of 15000+200000
 3640 words of font info for 14 fonts, out of 3000000 for 9000
 1025 hyphenation exceptions out of 8191
 34i,0n,35p,258b,384s stack positions out of 5000i,500n,10000p,200000b,50000s
!  ==> Fatal error occurred, no output PDF file produced!
